<?xml version="1.0" encoding="UTF-8"?>
<testsuite xmlns:xsi="http://www.w3.org/2001/XMLSchema-instance" xsi:noNamespaceSchemaLocation="https://maven.apache.org/surefire/maven-surefire-plugin/xsd/surefire-test-report.xsd" name="it.uniroma2.dicii.isw2.jcs.paramTests.ZeroSizeCacheUnitTest" time="2.744" tests="5" errors="0" skipped="0" failures="0">
  <properties>
[...]
</properties>
  <testcase name="testPutGetRemove[0]" classname="it.uniroma2.dicii.isw2.jcs.paramTests.ZeroSizeCacheUnitTest" time="0.463"/>
  <testcase name="testPutGetRemove[1]" classname="it.uniroma2.dicii.isw2.jcs.paramTests.ZeroSizeCacheUnitTest" time="0.515"/>
  <testcase name="testPutGetRemove[2]" classname="it.uniroma2.dicii.isw2.jcs.paramTests.ZeroSizeCacheUnitTest" time="0.54"/>
  <testcase name="testPutGetRemove[3]" classname="it.uniroma2.dicii.isw2.jcs.paramTests.ZeroSizeCacheUnitTest" time="0.688"/>
  <testcase name="testPutGetRemove[4]" classname="it.uniroma2.dicii.isw2.jcs.paramTests.ZeroSizeCacheUnitTest" time="0.525"/>
</testsuite>